DEBUG - 2026-07-20 07:16:52 --> Session: Class initialized using 'CodeIgniter\Session\Handlers\FileHandler' driver.
DEBUG - 2026-07-20 07:16:52 --> Session: Class initialized using 'CodeIgniter\Session\Handlers\FileHandler' driver.
DEBUG - 2026-07-20 07:16:57 --> Session: Class initialized using 'CodeIgniter\Session\Handlers\FileHandler' driver.
DEBUG - 2026-07-20 07:16:57 --> Session: Class initialized using 'CodeIgniter\Session\Handlers\FileHandler' driver.
<<<<<<< HEAD
DEBUG - 2026-07-20 08:02:22 --> Session: Class initialized using 'CodeIgniter\Session\Handlers\FileHandler' driver.
DEBUG - 2026-07-20 08:03:45 --> Session: Class initialized using 'CodeIgniter\Session\Handlers\FileHandler' driver.
DEBUG - 2026-07-20 08:07:50 --> Session: Class initialized using 'CodeIgniter\Session\Handlers\FileHandler' driver.
DEBUG - 2026-07-20 08:10:49 --> Session: Class initialized using 'CodeIgniter\Session\Handlers\FileHandler' driver.
DEBUG - 2026-07-20 08:23:49 --> Session: Class initialized using 'CodeIgniter\Session\Handlers\FileHandler' driver.
DEBUG - 2026-07-20 08:23:50 --> Session: Class initialized using 'CodeIgniter\Session\Handlers\FileHandler' driver.
DEBUG - 2026-07-20 08:23:50 --> Session: Class initialized using 'CodeIgniter\Session\Handlers\FileHandler' driver.
DEBUG - 2026-07-20 08:23:51 --> Session: Class initialized using 'CodeIgniter\Session\Handlers\FileHandler' driver.
DEBUG - 2026-07-20 08:25:23 --> Session: Class initialized using 'CodeIgniter\Session\Handlers\FileHandler' driver.
DEBUG - 2026-07-20 08:25:23 --> Session: Class initialized using 'CodeIgniter\Session\Handlers\FileHandler' driver.
DEBUG - 2026-07-20 08:25:37 --> Session: Class initialized using 'CodeIgniter\Session\Handlers\FileHandler' driver.
DEBUG - 2026-07-20 08:25:38 --> Session: Class initialized using 'CodeIgniter\Session\Handlers\FileHandler' driver.
DEBUG - 2026-07-20 08:26:44 --> Session: Class initialized using 'CodeIgniter\Session\Handlers\FileHandler' driver.
DEBUG - 2026-07-20 08:27:03 --> Session: Class initialized using 'CodeIgniter\Session\Handlers\FileHandler' driver.
DEBUG - 2026-07-20 08:27:04 --> Session: Class initialized using 'CodeIgniter\Session\Handlers\FileHandler' driver.
DEBUG - 2026-07-20 08:27:18 --> Session: Class initialized using 'CodeIgniter\Session\Handlers\FileHandler' driver.
DEBUG - 2026-07-20 08:30:57 --> Session: Class initialized using 'CodeIgniter\Session\Handlers\FileHandler' driver.
DEBUG - 2026-07-20 08:31:07 --> Session: Class initialized using 'CodeIgniter\Session\Handlers\FileHandler' driver.
DEBUG - 2026-07-20 08:31:07 --> Session: Class initialized using 'CodeIgniter\Session\Handlers\FileHandler' driver.
DEBUG - 2026-07-20 08:31:25 --> Session: Class initialized using 'CodeIgniter\Session\Handlers\FileHandler' driver.
DEBUG - 2026-07-20 08:31:34 --> Session: Class initialized using 'CodeIgniter\Session\Handlers\FileHandler' driver.
DEBUG - 2026-07-20 08:32:00 --> Session: Class initialized using 'CodeIgniter\Session\Handlers\FileHandler' driver.
DEBUG - 2026-07-20 08:32:13 --> Session: Class initialized using 'CodeIgniter\Session\Handlers\FileHandler' driver.
DEBUG - 2026-07-20 08:32:45 --> Session: Class initialized using 'CodeIgniter\Session\Handlers\FileHandler' driver.
DEBUG - 2026-07-20 08:33:19 --> Session: Class initialized using 'CodeIgniter\Session\Handlers\FileHandler' driver.
DEBUG - 2026-07-20 08:38:09 --> Session: Class initialized using 'CodeIgniter\Session\Handlers\FileHandler' driver.
DEBUG - 2026-07-20 08:38:57 --> Session: Class initialized using 'CodeIgniter\Session\Handlers\FileHandler' driver.
DEBUG - 2026-07-20 08:39:44 --> Session: Class initialized using 'CodeIgniter\Session\Handlers\FileHandler' driver.
DEBUG - 2026-07-20 08:39:48 --> Session: Class initialized using 'CodeIgniter\Session\Handlers\FileHandler' driver.
DEBUG - 2026-07-20 08:41:49 --> Session: Class initialized using 'CodeIgniter\Session\Handlers\FileHandler' driver.
DEBUG - 2026-07-20 08:46:22 --> Session: Class initialized using 'CodeIgniter\Session\Handlers\FileHandler' driver.
DEBUG - 2026-07-20 08:48:25 --> Session: Class initialized using 'CodeIgniter\Session\Handlers\FileHandler' driver.
=======
ERROR - 2026-07-20 08:02:45 --> table `bareme_frais` already exists
in SYSTEMPATH/Database/SQLite3/Connection.php on line 163.
 1 SYSTEMPATH/Database/SQLite3/Connection.php(163): SQLite3->exec('CREATE TABLE `bareme_frais` (
	`id` INTEGER PRIMARY KEY AUTOINCREMENT,
	`montant_min` DECIMAL NOT NULL,
	`montant_max` DECIMAL NOT NULL,
	`frais` DECIMAL NOT NULL
)')
 2 SYSTEMPATH/Database/BaseConnection.php(910): CodeIgniter\Database\SQLite3\Connection->execute('CREATE TABLE `bareme_frais` (
	`id` INTEGER PRIMARY KEY AUTOINCREMENT,
	`montant_min` DECIMAL NOT NULL,
	`montant_max` DECIMAL NOT NULL,
	`frais` DECIMAL NOT NULL
)')
 3 SYSTEMPATH/Database/BaseConnection.php(827): CodeIgniter\Database\BaseConnection->simpleQuery('CREATE TABLE `bareme_frais` (
	`id` INTEGER PRIMARY KEY AUTOINCREMENT,
	`montant_min` DECIMAL NOT NULL,
	`montant_max` DECIMAL NOT NULL,
	`frais` DECIMAL NOT NULL
)')
 4 SYSTEMPATH/Database/Forge.php(570): CodeIgniter\Database\BaseConnection->query('CREATE TABLE `bareme_frais` (
	`id` INTEGER PRIMARY KEY AUTOINCREMENT,
	`montant_min` DECIMAL NOT NULL,
	`montant_max` DECIMAL NOT NULL,
	`frais` DECIMAL NOT NULL
)')
 5 APPPATH/Database/Migrations/2026-07-20-000004_CreateBaremeFrais.php(36): CodeIgniter\Database\Forge->createTable('bareme_frais')
 6 SYSTEMPATH/Database/MigrationRunner.php(1014): App\Database\Migrations\CreateBaremeFraisTable->up()
 7 SYSTEMPATH/Database/MigrationRunner.php(202): CodeIgniter\Database\MigrationRunner->migrate('up', Object(stdClass))
 8 SYSTEMPATH/Commands/Database/Migrate.php(89): CodeIgniter\Database\MigrationRunner->latest(null)
 9 SYSTEMPATH/CLI/SignalTrait.php(245): CodeIgniter\Commands\Database\Migrate::CodeIgniter\Commands\Database\{closure}()
10 SYSTEMPATH/Commands/Database/Migrate.php(88): CodeIgniter\Commands\Database\Migrate->withSignalsBlocked(Object(Closure))
11 SYSTEMPATH/CLI/Commands.php(74): CodeIgniter\Commands\Database\Migrate->run([])
12 SYSTEMPATH/CLI/Console.php(47): CodeIgniter\CLI\Commands->run('migrate', [])
13 SYSTEMPATH/Boot.php(442): CodeIgniter\CLI\Console->run()
14 SYSTEMPATH/Boot.php(166): CodeIgniter\Boot::runCommand(Object(CodeIgniter\CLI\Console))
15 ROOTPATH/spark(87): CodeIgniter\Boot::bootSpark(Object(Config\Paths))
ERROR - 2026-07-20 08:25:59 --> NOT NULL constraint failed: operation.id_user_source
in SYSTEMPATH/Database/SQLite3/Connection.php on line 163.
 1 SYSTEMPATH/Database/SQLite3/Connection.php(163): SQLite3->exec('INSERT INTO `operation` (`date_creation`, `frais`, `id_type`, `id_user_destination`, `id_user_source`, `montant`)
VALUES (\'2026-07-15 08:25:59\',0,1,1,NULL,500), (\'2026-07-16 08:25:59\',0,2,NULL,1,1000), (\'2026-07-17 08:25:59\',50,3,2,1,250), (\'2026-07-18 08:25:59\',0,1,2,NULL,750), (\'2026-07-19 08:25:59\',50,3,1,2,150)')
 2 SYSTEMPATH/Database/BaseConnection.php(910): CodeIgniter\Database\SQLite3\Connection->execute('INSERT INTO `operation` (`date_creation`, `frais`, `id_type`, `id_user_destination`, `id_user_source`, `montant`)
VALUES (\'2026-07-15 08:25:59\',0,1,1,NULL,500), (\'2026-07-16 08:25:59\',0,2,NULL,1,1000), (\'2026-07-17 08:25:59\',50,3,2,1,250), (\'2026-07-18 08:25:59\',0,1,2,NULL,750), (\'2026-07-19 08:25:59\',50,3,1,2,150)')
 3 SYSTEMPATH/Database/BaseConnection.php(827): CodeIgniter\Database\BaseConnection->simpleQuery('INSERT INTO `operation` (`date_creation`, `frais`, `id_type`, `id_user_destination`, `id_user_source`, `montant`)
VALUES (\'2026-07-15 08:25:59\',0,1,1,NULL,500), (\'2026-07-16 08:25:59\',0,2,NULL,1,1000), (\'2026-07-17 08:25:59\',50,3,2,1,250), (\'2026-07-18 08:25:59\',0,1,2,NULL,750), (\'2026-07-19 08:25:59\',50,3,1,2,150)')
 4 SYSTEMPATH/Database/BaseBuilder.php(1841): CodeIgniter\Database\BaseConnection->query('INSERT INTO `operation` (`date_creation`, `frais`, `id_type`, `id_user_destination`, `id_user_source`, `montant`)
VALUES (\'2026-07-15 08:25:59\',0,1,1,NULL,500), (\'2026-07-16 08:25:59\',0,2,NULL,1,1000), (\'2026-07-17 08:25:59\',50,3,2,1,250), (\'2026-07-18 08:25:59\',0,1,2,NULL,750), (\'2026-07-19 08:25:59\',50,3,1,2,150)', null, false)
 5 SYSTEMPATH/Database/BaseBuilder.php(2230): CodeIgniter\Database\BaseBuilder->batchExecute('_insertBatch', 100)
 6 APPPATH/Database/Seeds/OperationSeeder.php(54): CodeIgniter\Database\BaseBuilder->insertBatch([...])
 7 SYSTEMPATH/Database/Seeder.php(155): App\Database\Seeds\OperationSeeder->run()
 8 SYSTEMPATH/Commands/Database/Seed.php(79): CodeIgniter\Database\Seeder->call('App\\Database\\Seeds\\OperationSeeder')
 9 SYSTEMPATH/CLI/Commands.php(74): CodeIgniter\Commands\Database\Seed->run([])
10 SYSTEMPATH/CLI/Console.php(47): CodeIgniter\CLI\Commands->run('db:seed', [...])
11 SYSTEMPATH/Boot.php(442): CodeIgniter\CLI\Console->run()
12 SYSTEMPATH/Boot.php(166): CodeIgniter\Boot::runCommand(Object(CodeIgniter\CLI\Console))
13 ROOTPATH/spark(87): CodeIgniter\Boot::bootSpark(Object(Config\Paths))
ERROR - 2026-07-20 08:26:46 --> NOT NULL constraint failed: operation.id_user_source
in SYSTEMPATH/Database/SQLite3/Connection.php on line 163.
 1 SYSTEMPATH/Database/SQLite3/Connection.php(163): SQLite3->exec('INSERT INTO `operation` (`date_creation`, `frais`, `id_type`, `id_user_destination`, `id_user_source`, `montant`)
VALUES (\'2026-07-15 08:26:46\',0,1,1,NULL,500), (\'2026-07-16 08:26:46\',0,2,NULL,1,1000), (\'2026-07-17 08:26:46\',50,3,2,1,250), (\'2026-07-18 08:26:46\',0,1,2,NULL,750), (\'2026-07-19 08:26:46\',50,3,1,2,150)')
 2 SYSTEMPATH/Database/BaseConnection.php(910): CodeIgniter\Database\SQLite3\Connection->execute('INSERT INTO `operation` (`date_creation`, `frais`, `id_type`, `id_user_destination`, `id_user_source`, `montant`)
VALUES (\'2026-07-15 08:26:46\',0,1,1,NULL,500), (\'2026-07-16 08:26:46\',0,2,NULL,1,1000), (\'2026-07-17 08:26:46\',50,3,2,1,250), (\'2026-07-18 08:26:46\',0,1,2,NULL,750), (\'2026-07-19 08:26:46\',50,3,1,2,150)')
 3 SYSTEMPATH/Database/BaseConnection.php(827): CodeIgniter\Database\BaseConnection->simpleQuery('INSERT INTO `operation` (`date_creation`, `frais`, `id_type`, `id_user_destination`, `id_user_source`, `montant`)
VALUES (\'2026-07-15 08:26:46\',0,1,1,NULL,500), (\'2026-07-16 08:26:46\',0,2,NULL,1,1000), (\'2026-07-17 08:26:46\',50,3,2,1,250), (\'2026-07-18 08:26:46\',0,1,2,NULL,750), (\'2026-07-19 08:26:46\',50,3,1,2,150)')
 4 SYSTEMPATH/Database/BaseBuilder.php(1841): CodeIgniter\Database\BaseConnection->query('INSERT INTO `operation` (`date_creation`, `frais`, `id_type`, `id_user_destination`, `id_user_source`, `montant`)
VALUES (\'2026-07-15 08:26:46\',0,1,1,NULL,500), (\'2026-07-16 08:26:46\',0,2,NULL,1,1000), (\'2026-07-17 08:26:46\',50,3,2,1,250), (\'2026-07-18 08:26:46\',0,1,2,NULL,750), (\'2026-07-19 08:26:46\',50,3,1,2,150)', null, false)
 5 SYSTEMPATH/Database/BaseBuilder.php(2230): CodeIgniter\Database\BaseBuilder->batchExecute('_insertBatch', 100)
 6 APPPATH/Database/Seeds/OperationSeeder.php(54): CodeIgniter\Database\BaseBuilder->insertBatch([...])
 7 SYSTEMPATH/Database/Seeder.php(155): App\Database\Seeds\OperationSeeder->run()
 8 SYSTEMPATH/Commands/Database/Seed.php(79): CodeIgniter\Database\Seeder->call('App\\Database\\Seeds\\OperationSeeder')
 9 SYSTEMPATH/CLI/Commands.php(74): CodeIgniter\Commands\Database\Seed->run([])
10 SYSTEMPATH/CLI/Console.php(47): CodeIgniter\CLI\Commands->run('db:seed', [...])
11 SYSTEMPATH/Boot.php(442): CodeIgniter\CLI\Console->run()
12 SYSTEMPATH/Boot.php(166): CodeIgniter\Boot::runCommand(Object(CodeIgniter\CLI\Console))
13 ROOTPATH/spark(87): CodeIgniter\Boot::bootSpark(Object(Config\Paths))
ERROR - 2026-07-20 08:29:29 --> NOT NULL constraint failed: operation.id_user_source
in SYSTEMPATH/Database/SQLite3/Connection.php on line 163.
 1 SYSTEMPATH/Database/SQLite3/Connection.php(163): SQLite3->exec('INSERT INTO `operation` (`date_creation`, `frais`, `id_type`, `id_user_destination`, `id_user_source`, `montant`)
VALUES (\'2026-07-15 08:29:29\',0,1,1,NULL,500), (\'2026-07-16 08:29:29\',0,2,NULL,1,1000), (\'2026-07-17 08:29:29\',50,3,2,1,250), (\'2026-07-18 08:29:29\',0,1,2,NULL,750), (\'2026-07-19 08:29:29\',50,3,1,2,150)')
 2 SYSTEMPATH/Database/BaseConnection.php(910): CodeIgniter\Database\SQLite3\Connection->execute('INSERT INTO `operation` (`date_creation`, `frais`, `id_type`, `id_user_destination`, `id_user_source`, `montant`)
VALUES (\'2026-07-15 08:29:29\',0,1,1,NULL,500), (\'2026-07-16 08:29:29\',0,2,NULL,1,1000), (\'2026-07-17 08:29:29\',50,3,2,1,250), (\'2026-07-18 08:29:29\',0,1,2,NULL,750), (\'2026-07-19 08:29:29\',50,3,1,2,150)')
 3 SYSTEMPATH/Database/BaseConnection.php(827): CodeIgniter\Database\BaseConnection->simpleQuery('INSERT INTO `operation` (`date_creation`, `frais`, `id_type`, `id_user_destination`, `id_user_source`, `montant`)
VALUES (\'2026-07-15 08:29:29\',0,1,1,NULL,500), (\'2026-07-16 08:29:29\',0,2,NULL,1,1000), (\'2026-07-17 08:29:29\',50,3,2,1,250), (\'2026-07-18 08:29:29\',0,1,2,NULL,750), (\'2026-07-19 08:29:29\',50,3,1,2,150)')
 4 SYSTEMPATH/Database/BaseBuilder.php(1841): CodeIgniter\Database\BaseConnection->query('INSERT INTO `operation` (`date_creation`, `frais`, `id_type`, `id_user_destination`, `id_user_source`, `montant`)
VALUES (\'2026-07-15 08:29:29\',0,1,1,NULL,500), (\'2026-07-16 08:29:29\',0,2,NULL,1,1000), (\'2026-07-17 08:29:29\',50,3,2,1,250), (\'2026-07-18 08:29:29\',0,1,2,NULL,750), (\'2026-07-19 08:29:29\',50,3,1,2,150)', null, false)
 5 SYSTEMPATH/Database/BaseBuilder.php(2230): CodeIgniter\Database\BaseBuilder->batchExecute('_insertBatch', 100)
 6 APPPATH/Database/Seeds/OperationSeeder.php(54): CodeIgniter\Database\BaseBuilder->insertBatch([...])
 7 SYSTEMPATH/Database/Seeder.php(155): App\Database\Seeds\OperationSeeder->run()
 8 SYSTEMPATH/Commands/Database/Seed.php(79): CodeIgniter\Database\Seeder->call('App\\Database\\Seeds\\OperationSeeder')
 9 SYSTEMPATH/CLI/Commands.php(74): CodeIgniter\Commands\Database\Seed->run([])
10 SYSTEMPATH/CLI/Console.php(47): CodeIgniter\CLI\Commands->run('db:seed', [...])
11 SYSTEMPATH/Boot.php(442): CodeIgniter\CLI\Console->run()
12 SYSTEMPATH/Boot.php(166): CodeIgniter\Boot::runCommand(Object(CodeIgniter\CLI\Console))
13 ROOTPATH/spark(87): CodeIgniter\Boot::bootSpark(Object(Config\Paths))
ERROR - 2026-07-20 08:30:03 --> NOT NULL constraint failed: operation.id_user_source
in SYSTEMPATH/Database/SQLite3/Connection.php on line 163.
 1 SYSTEMPATH/Database/SQLite3/Connection.php(163): SQLite3->exec('INSERT INTO `operation` (`date_creation`, `frais`, `id_type`, `id_user_destination`, `id_user_source`, `montant`)
VALUES (\'2026-07-15 08:30:03\',0,1,1,NULL,500), (\'2026-07-16 08:30:03\',0,2,NULL,1,1000), (\'2026-07-17 08:30:03\',50,3,2,1,250), (\'2026-07-18 08:30:03\',0,1,2,NULL,750), (\'2026-07-19 08:30:03\',50,3,1,2,150)')
 2 SYSTEMPATH/Database/BaseConnection.php(910): CodeIgniter\Database\SQLite3\Connection->execute('INSERT INTO `operation` (`date_creation`, `frais`, `id_type`, `id_user_destination`, `id_user_source`, `montant`)
VALUES (\'2026-07-15 08:30:03\',0,1,1,NULL,500), (\'2026-07-16 08:30:03\',0,2,NULL,1,1000), (\'2026-07-17 08:30:03\',50,3,2,1,250), (\'2026-07-18 08:30:03\',0,1,2,NULL,750), (\'2026-07-19 08:30:03\',50,3,1,2,150)')
 3 SYSTEMPATH/Database/BaseConnection.php(827): CodeIgniter\Database\BaseConnection->simpleQuery('INSERT INTO `operation` (`date_creation`, `frais`, `id_type`, `id_user_destination`, `id_user_source`, `montant`)
VALUES (\'2026-07-15 08:30:03\',0,1,1,NULL,500), (\'2026-07-16 08:30:03\',0,2,NULL,1,1000), (\'2026-07-17 08:30:03\',50,3,2,1,250), (\'2026-07-18 08:30:03\',0,1,2,NULL,750), (\'2026-07-19 08:30:03\',50,3,1,2,150)')
 4 SYSTEMPATH/Database/BaseBuilder.php(1841): CodeIgniter\Database\BaseConnection->query('INSERT INTO `operation` (`date_creation`, `frais`, `id_type`, `id_user_destination`, `id_user_source`, `montant`)
VALUES (\'2026-07-15 08:30:03\',0,1,1,NULL,500), (\'2026-07-16 08:30:03\',0,2,NULL,1,1000), (\'2026-07-17 08:30:03\',50,3,2,1,250), (\'2026-07-18 08:30:03\',0,1,2,NULL,750), (\'2026-07-19 08:30:03\',50,3,1,2,150)', null, false)
 5 SYSTEMPATH/Database/BaseBuilder.php(2230): CodeIgniter\Database\BaseBuilder->batchExecute('_insertBatch', 100)
 6 APPPATH/Database/Seeds/OperationSeeder.php(54): CodeIgniter\Database\BaseBuilder->insertBatch([...])
 7 SYSTEMPATH/Database/Seeder.php(155): App\Database\Seeds\OperationSeeder->run()
 8 SYSTEMPATH/Commands/Database/Seed.php(79): CodeIgniter\Database\Seeder->call('App\\Database\\Seeds\\OperationSeeder')
 9 SYSTEMPATH/CLI/Commands.php(74): CodeIgniter\Commands\Database\Seed->run([])
10 SYSTEMPATH/CLI/Console.php(47): CodeIgniter\CLI\Commands->run('db:seed', [...])
11 SYSTEMPATH/Boot.php(442): CodeIgniter\CLI\Console->run()
12 SYSTEMPATH/Boot.php(166): CodeIgniter\Boot::runCommand(Object(CodeIgniter\CLI\Console))
13 ROOTPATH/spark(87): CodeIgniter\Boot::bootSpark(Object(Config\Paths))
>>>>>>> c36e42196bc9bbe39aee28ec578ea7986085e237
DEBUG - 2026-07-20 08:54:55 --> Session: Class initialized using 'CodeIgniter\Session\Handlers\FileHandler' driver.
DEBUG - 2026-07-20 09:17:14 --> Session: Class initialized using 'CodeIgniter\Session\Handlers\FileHandler' driver.
DEBUG - 2026-07-20 09:17:46 --> Session: Class initialized using 'CodeIgniter\Session\Handlers\FileHandler' driver.
DEBUG - 2026-07-20 09:24:53 --> Session: Class initialized using 'CodeIgniter\Session\Handlers\FileHandler' driver.
ERROR - 2026-07-20 09:26:39 --> table `bareme_frais` already exists
in SYSTEMPATH\Database\SQLite3\Connection.php on line 163.
 1 SYSTEMPATH\Database\SQLite3\Connection.php(163): SQLite3->exec('CREATE TABLE `bareme_frais` (
	`id` INTEGER PRIMARY KEY AUTOINCREMENT,
	`id_type` INT NOT NULL DEFAULT 3,
	`montant_min` DECIMAL NOT NULL,
	`montant_max` DECIMAL NOT NULL,
	`frais` DECIMAL NOT NULL
)')
 2 SYSTEMPATH\Database\BaseConnection.php(910): CodeIgniter\Database\SQLite3\Connection->execute('CREATE TABLE `bareme_frais` (
	`id` INTEGER PRIMARY KEY AUTOINCREMENT,
	`id_type` INT NOT NULL DEFAULT 3,
	`montant_min` DECIMAL NOT NULL,
	`montant_max` DECIMAL NOT NULL,
	`frais` DECIMAL NOT NULL
)')
 3 SYSTEMPATH\Database\BaseConnection.php(827): CodeIgniter\Database\BaseConnection->simpleQuery('CREATE TABLE `bareme_frais` (
	`id` INTEGER PRIMARY KEY AUTOINCREMENT,
	`id_type` INT NOT NULL DEFAULT 3,
	`montant_min` DECIMAL NOT NULL,
	`montant_max` DECIMAL NOT NULL,
	`frais` DECIMAL NOT NULL
)')
 4 SYSTEMPATH\Database\Forge.php(570): CodeIgniter\Database\BaseConnection->query('CREATE TABLE `bareme_frais` (
	`id` INTEGER PRIMARY KEY AUTOINCREMENT,
	`id_type` INT NOT NULL DEFAULT 3,
	`montant_min` DECIMAL NOT NULL,
	`montant_max` DECIMAL NOT NULL,
	`frais` DECIMAL NOT NULL
)')
 5 APPPATH\Database\Migrations\2026-07-20-000004_CreateBaremeFrais.php(42): CodeIgniter\Database\Forge->createTable('bareme_frais')
 6 SYSTEMPATH\Database\MigrationRunner.php(1014): App\Database\Migrations\CreateBaremeFraisTable->up()
 7 SYSTEMPATH\Database\MigrationRunner.php(202): CodeIgniter\Database\MigrationRunner->migrate('up', Object(stdClass))
 8 SYSTEMPATH\Commands\Database\Migrate.php(89): CodeIgniter\Database\MigrationRunner->latest(null)
 9 SYSTEMPATH\CLI\SignalTrait.php(245): CodeIgniter\Commands\Database\Migrate::CodeIgniter\Commands\Database\{closure}()
10 SYSTEMPATH\Commands\Database\Migrate.php(88): CodeIgniter\Commands\Database\Migrate->withSignalsBlocked(Object(Closure))
11 SYSTEMPATH\CLI\Commands.php(74): CodeIgniter\Commands\Database\Migrate->run([...])
12 SYSTEMPATH\CLI\Console.php(47): CodeIgniter\CLI\Commands->run('migrate', [...])
13 SYSTEMPATH\Boot.php(442): CodeIgniter\CLI\Console->run()
14 SYSTEMPATH\Boot.php(166): CodeIgniter\Boot::runCommand(Object(CodeIgniter\CLI\Console))
15 ROOTPATH\spark(87): CodeIgniter\Boot::bootSpark(Object(Config\Paths))
